Start testing: Jan 20 20:41 CST
----------------------------------------------------------
1/2 Testing: LruCacheTest
1/2 Test: LruCacheTest
Command: "/home/ubuntu/Cpp-Cache/build/test/test_LruCache"
Directory: /home/ubuntu/Cpp-Cache/build/test
"LruCacheTest" start time: Jan 20 20:41 CST
Output:
----------------------------------------------------------
Running main() from ./googletest/src/gtest_main.cc
[==========] Running 1 test from 1 test suite.
[----------] Global test environment set-up.
[----------] 1 test from LruCacheTest
[ RUN      ] LruCacheTest.BasicOperations
[       OK ] LruCacheTest.BasicOperations (0 ms)
[----------] 1 test from LruCacheTest (0 ms total)

[----------] Global test environment tear-down
[==========] 1 test from 1 test suite ran. (0 ms total)
[  PASSED  ] 1 test.
<end of output>
Test time =   0.00 sec
----------------------------------------------------------
Test Passed.
"LruCacheTest" end time: Jan 20 20:41 CST
"LruCacheTest" time elapsed: 00:00:00
----------------------------------------------------------

2/2 Testing: LruKCacheTest
2/2 Test: LruKCacheTest
Command: "/home/ubuntu/Cpp-Cache/build/test/test_LruKCache"
Directory: /home/ubuntu/Cpp-Cache/build/test
"LruKCacheTest" start time: Jan 20 20:41 CST
Output:
----------------------------------------------------------
Running main() from ./googletest/src/gtest_main.cc
[==========] Running 2 tests from 1 test suite.
[----------] Global test environment set-up.
[----------] 2 tests from LruKCacheTest
[ RUN      ] LruKCacheTest.BasicOperations
/home/ubuntu/Cpp-Cache/test/test_LruKCache.cpp:22: Failure
Value of: cache.get(1, value)
  Actual: false
Expected: true
/home/ubuntu/Cpp-Cache/test/test_LruKCache.cpp:23: Failure
Expected equality of these values:
  value
    Which is: ""
  "One"
/home/ubuntu/Cpp-Cache/test/test_LruKCache.cpp:28: Failure
Value of: cache.get(3, value)
  Actual: false
Expected: true
[  FAILED  ] LruKCacheTest.BasicOperations (0 ms)
[ RUN      ] LruKCacheTest.HistoryCapacityLimit
[       OK ] LruKCacheTest.HistoryCapacityLimit (0 ms)
[----------] 2 tests from LruKCacheTest (0 ms total)

[----------] Global test environment tear-down
[==========] 2 tests from 1 test suite ran. (0 ms total)
[  PASSED  ] 1 test.
[  FAILED  ] 1 test, listed below:
[  FAILED  ] LruKCacheTest.BasicOperations

 1 FAILED TEST
<end of output>
Test time =   0.00 sec
----------------------------------------------------------
Test Failed.
"LruKCacheTest" end time: Jan 20 20:41 CST
"LruKCacheTest" time elapsed: 00:00:00
----------------------------------------------------------

End testing: Jan 20 20:41 CST
